TN:
SF:src/AgeVerifier.sol
DA:71,7
FN:71,AgeGroth16Verifier.verifyProof
FNDA:7,AgeGroth16Verifier.verifyProof
DA:73,7
FN:73,AgeGroth16Verifier.checkField
FNDA:7,AgeGroth16Verifier.checkField
DA:74,35
BRDA:74,0,0,-
DA:75,0
DA:76,0
DA:81,35
FN:81,AgeGroth16Verifier.g1_mulAccC
FNDA:35,AgeGroth16Verifier.g1_mulAccC
DA:82,35
DA:83,35
DA:84,35
DA:85,35
DA:86,35
DA:88,35
DA:90,35
BRDA:90,1,0,-
DA:91,0
DA:92,0
DA:95,35
DA:96,35
DA:98,35
DA:100,35
BRDA:100,2,0,-
DA:101,0
DA:102,0
DA:106,7
FN:106,AgeGroth16Verifier.checkPairing
FNDA:7,AgeGroth16Verifier.checkPairing
DA:107,7
DA:108,7
DA:110,7
DA:111,7
DA:115,7
DA:117,7
DA:119,7
DA:121,7
DA:123,7
DA:127,7
DA:128,7
DA:131,7
DA:132,7
DA:133,7
DA:134,7
DA:137,7
DA:138,7
DA:141,7
DA:142,7
DA:143,7
DA:144,7
DA:147,7
DA:148,7
DA:152,7
DA:153,7
DA:154,7
DA:155,7
DA:158,7
DA:159,7
DA:162,7
DA:163,7
DA:164,7
DA:165,7
DA:168,7
DA:170,7
DA:173,7
DA:174,7
DA:178,7
DA:180,7
DA:182,7
DA:184,7
DA:186,7
DA:190,7
DA:192,7
DA:193,7
FNF:4
FNH:4
LF:67
LH:61
BRF:3
BRH:0
end_of_record
TN:
SF:src/CoreIdentityCredential.sol
DA:65,46
FN:65,CoreIdentityCredential.constructor
FNDA:46,CoreIdentityCredential.constructor
DA:66,46
DA:73,45
FN:73,CoreIdentityCredential.initialize
FNDA:45,CoreIdentityCredential.initialize
DA:74,45
DA:75,45
DA:76,45
DA:88,93
FN:88,CoreIdentityCredential.issueCredential
FNDA:93,CoreIdentityCredential.issueCredential
DA:95,92
BRDA:95,0,0,1
BRDA:95,0,1,91
DA:96,91
BRDA:96,1,0,1
BRDA:96,1,1,90
DA:98,90
DA:108,90
DA:120,33
FN:120,CoreIdentityCredential.revokeCredential
FNDA:33,CoreIdentityCredential.revokeCredential
DA:121,33
BRDA:121,2,0,1
BRDA:121,2,1,32
DA:122,32
BRDA:122,3,0,1
BRDA:122,3,1,31
DA:124,31
DA:125,31
BRDA:125,4,0,3
DA:126,3
DA:127,3
BRDA:127,5,0,2
BRDA:127,5,1,1
DA:130,29
DA:131,29
DA:143,5
FN:143,CoreIdentityCredential.verifyCredentialSignature
FNDA:5,CoreIdentityCredential.verifyCredentialSignature
DA:144,5
DA:145,5
BRDA:145,6,0,1
BRDA:145,6,1,4
DA:147,4
DA:148,4
DA:149,4
DA:150,3
DA:152,3
DA:153,3
DA:159,3
FN:159,CoreIdentityCredential.pause
FNDA:3,CoreIdentityCredential.pause
DA:160,2
DA:166,2
FN:166,CoreIdentityCredential.unpause
FNDA:2,CoreIdentityCredential.unpause
DA:167,1
FNF:7
FNH:7
LF:33
LH:33
BRF:13
BRH:13
end_of_record
TN:
SF:src/RevocationRegistry.sol
DA:39,38
FN:39,RevocationRegistry.constructor
FNDA:38,RevocationRegistry.constructor
DA:40,38
DA:46,38
FN:46,RevocationRegistry.initialize
FNDA:38,RevocationRegistry.initialize
DA:47,38
DA:48,38
DA:50,38
DA:57,31
FN:57,RevocationRegistry.updateMerkleRoot
FNDA:31,RevocationRegistry.updateMerkleRoot
DA:58,29
BRDA:58,0,0,1
BRDA:58,0,1,28
DA:60,28
DA:61,28
DA:63,28
DA:70,7
FN:70,RevocationRegistry.revokeImmediately
FNDA:7,RevocationRegistry.revokeImmediately
DA:71,5
BRDA:71,1,0,1
BRDA:71,1,1,4
DA:72,4
BRDA:72,2,0,1
BRDA:72,2,1,3
DA:74,3
DA:76,3
DA:84,1
FN:84,RevocationRegistry.isRevoked
FNDA:1,RevocationRegistry.isRevoked
DA:85,1
DA:91,4
FN:91,RevocationRegistry.pause
FNDA:4,RevocationRegistry.pause
DA:92,3
DA:98,1
FN:98,RevocationRegistry.unpause
FNDA:1,RevocationRegistry.unpause
DA:99,1
FNF:7
FNH:7
LF:22
LH:22
BRF:6
BRH:6
end_of_record
TN:
SF:src/ZKPVerification.sol
DA:67,27
FN:67,ZKPVerification.constructor
FNDA:27,ZKPVerification.constructor
DA:68,27
DA:71,26
FN:71,ZKPVerification.initialize
FNDA:26,ZKPVerification.initialize
DA:72,26
DA:73,26
DA:75,26
DA:76,26
DA:78,26
DA:79,26
DA:87,29
FN:87,ZKPVerification.setVerifier
FNDA:29,ZKPVerification.setVerifier
DA:88,28
BRDA:88,0,0,1
BRDA:88,0,1,27
DA:89,27
DA:96,1
FN:96,ZKPVerification.setRevocationRegistry
FNDA:1,ZKPVerification.setRevocationRegistry
DA:97,1
BRDA:97,1,0,-
BRDA:97,1,1,1
DA:98,1
DA:105,0
FN:105,ZKPVerification._checkCredentialIsActive.0
FNDA:0,ZKPVerification._checkCredentialIsActive.0
DA:106,0
DA:107,0
BRDA:107,2,0,-
BRDA:107,2,1,-
DA:108,0
BRDA:108,3,0,-
BRDA:108,3,1,-
DA:116,10
FN:116,ZKPVerification._checkCredentialIsActive.1
FNDA:10,ZKPVerification._checkCredentialIsActive.1
DA:118,10
DA:119,10
BRDA:119,4,0,1
BRDA:119,4,1,9
DA:120,9
BRDA:120,5,0,1
BRDA:120,5,1,8
DA:123,8
DA:124,8
DA:126,8
BRDA:126,6,0,1
BRDA:126,6,1,7
DA:127,7
BRDA:127,7,0,1
BRDA:127,7,1,6
DA:133,8
FN:133,ZKPVerification.verifyZKProof
FNDA:8,ZKPVerification.verifyZKProof
DA:140,8
DA:141,8
BRDA:141,8,0,1
BRDA:141,8,1,7
DA:142,7
DA:149,6
FN:149,ZKPVerification.verifySelectiveDisclosure
FNDA:6,ZKPVerification.verifySelectiveDisclosure
DA:157,6
DA:158,6
BRDA:158,9,0,1
BRDA:158,9,1,5
DA:162,5
DA:164,5
BRDA:164,10,0,5
BRDA:164,10,1,-
DA:167,5
DA:168,5
DA:169,5
BRDA:169,11,0,1
BRDA:169,11,1,4
DA:173,4
BRDA:173,12,0,2
BRDA:173,12,1,2
DA:177,0
BRDA:177,13,0,-
BRDA:177,13,1,-
DA:179,0
DA:184,2
DA:194,6
FN:194,ZKPVerification.validateDisclosureRequest
FNDA:6,ZKPVerification.validateDisclosureRequest
DA:195,8
BRDA:195,15,0,5
BRDA:195,15,1,-
DA:196,5
DA:197,3
BRDA:197,16,0,2
BRDA:197,16,1,-
DA:198,2
DA:199,1
BRDA:199,17,0,1
DA:200,1
DA:202,0
DA:211,1
FN:211,ZKPVerification.recordDisclosureEvent
FNDA:1,ZKPVerification.recordDisclosureEvent
DA:212,1
DA:225,3
FN:225,ZKPVerification.requestDisclosure
FNDA:3,ZKPVerification.requestDisclosure
DA:233,2
BRDA:233,18,0,1
BRDA:233,18,1,1
DA:234,1
DA:235,1
BRDA:235,19,0,-
BRDA:235,19,1,1
DA:236,1
DA:238,1
DA:244,1
FN:244,ZKPVerification.pause
FNDA:1,ZKPVerification.pause
DA:245,1
DA:251,0
FN:251,ZKPVerification.unpause
FNDA:0,ZKPVerification.unpause
DA:252,0
FNF:13
FNH:11
LF:63
LH:54
BRF:37
BRH:26
end_of_record
TN:
SF:test/CoreIdentityCredential.t.sol
DA:12,1
FN:12,CoreIdentityCredentialV2.getVersion
FNDA:1,CoreIdentityCredentialV2.getVersion
DA:13,1
FNF:1
FNH:1
LF:2
LH:2
BRF:0
BRH:0
end_of_record
TN:
SF:test/ZKPVerification.t.sol
DA:18,5
FN:18,ZKPVerificationHarness.exposeCheckCredentialIsActive
FNDA:5,ZKPVerificationHarness.exposeCheckCredentialIsActive
DA:19,5
DA:22,2
FN:22,ZKPVerificationHarness.exposeVerifyZKProof
FNDA:2,ZKPVerificationHarness.exposeVerifyZKProof
DA:29,2
DA:32,5
FN:32,ZKPVerificationHarness.exposeVerifySelectiveDisclosure
FNDA:5,ZKPVerificationHarness.exposeVerifySelectiveDisclosure
DA:40,5
DA:46,1
FN:46,ZKPVerificationV2.getVersion
FNDA:1,ZKPVerificationV2.getVersion
DA:47,1
FNF:4
FNH:4
LF:8
LH:8
BRF:0
BRH:0
end_of_record
